{"/home/vladislav/secondProject2022/frontend-project-lvl2/flatGendiff.js": {"path":"/home/vladislav/secondProject2022/frontend-project-lvl2/flatGendiff.js","statementMap":{"0":{"start":{"line":6,"column":16},"end":{"line":32,"column":1}},"1":{"start":{"line":7,"column":14},"end":{"line":7,"column":27}},"2":{"start":{"line":8,"column":28},"end":{"line":8,"column":56}},"3":{"start":{"line":9,"column":28},"end":{"line":9,"column":56}},"4":{"start":{"line":10,"column":16},"end":{"line":10,"column":56}},"5":{"start":{"line":11,"column":16},"end":{"line":11,"column":56}},"6":{"start":{"line":12,"column":20},"end":{"line":12,"column":37}},"7":{"start":{"line":13,"column":20},"end":{"line":13,"column":37}},"8":{"start":{"line":14,"column":16},"end":{"line":14,"column":38}},"9":{"start":{"line":15,"column":16},"end":{"line":15,"column":38}},"10":{"start":{"line":16,"column":20},"end":{"line":16,"column":48}},"11":{"start":{"line":17,"column":17},"end":{"line":29,"column":8}},"12":{"start":{"line":18,"column":4},"end":{"line":27,"column":5}},"13":{"start":{"line":19,"column":6},"end":{"line":19,"column":46}},"14":{"start":{"line":20,"column":11},"end":{"line":27,"column":5}},"15":{"start":{"line":21,"column":6},"end":{"line":21,"column":46}},"16":{"start":{"line":22,"column":11},"end":{"line":27,"column":5}},"17":{"start":{"line":23,"column":6},"end":{"line":23,"column":46}},"18":{"start":{"line":24,"column":6},"end":{"line":24,"column":46}},"19":{"start":{"line":25,"column":11},"end":{"line":27,"column":5}},"20":{"start":{"line":26,"column":6},"end":{"line":26,"column":46}},"21":{"start":{"line":28,"column":4},"end":{"line":28,"column":15}},"22":{"start":{"line":30,"column":2},"end":{"line":30,"column":48}},"23":{"start":{"line":31,"column":2},"end":{"line":31,"column":42}}},"fnMap":{"0":{"name":"(anonymous_0)","decl":{"start":{"line":6,"column":16},"end":{"line":6,"column":17}},"loc":{"start":{"line":6,"column":42},"end":{"line":32,"column":1}},"line":6},"1":{"name":"(anonymous_1)","decl":{"start":{"line":17,"column":34},"end":{"line":17,"column":35}},"loc":{"start":{"line":17,"column":48},"end":{"line":29,"column":3}},"line":17}},"branchMap":{"0":{"loc":{"start":{"line":18,"column":4},"end":{"line":27,"column":5}},"type":"if","locations":[{"start":{"line":18,"column":4},"end":{"line":27,"column":5}},{"start":{"line":20,"column":11},"end":{"line":27,"column":5}}],"line":18},"1":{"loc":{"start":{"line":20,"column":11},"end":{"line":27,"column":5}},"type":"if","locations":[{"start":{"line":20,"column":11},"end":{"line":27,"column":5}},{"start":{"line":22,"column":11},"end":{"line":27,"column":5}}],"line":20},"2":{"loc":{"start":{"line":22,"column":11},"end":{"line":27,"column":5}},"type":"if","locations":[{"start":{"line":22,"column":11},"end":{"line":27,"column":5}},{"start":{"line":25,"column":11},"end":{"line":27,"column":5}}],"line":22},"3":{"loc":{"start":{"line":25,"column":11},"end":{"line":27,"column":5}},"type":"if","locations":[{"start":{"line":25,"column":11},"end":{"line":27,"column":5}},{"start":{},"end":{}}],"line":25}},"s":{"0":1,"1":1,"2":1,"3":1,"4":1,"5":1,"6":1,"7":1,"8":1,"9":1,"10":1,"11":1,"12":5,"13":1,"14":4,"15":2,"16":2,"17":1,"18":1,"19":1,"20":1,"21":5,"22":1,"23":1},"f":{"0":1,"1":5},"b":{"0":[1,4],"1":[2,2],"2":[1,1],"3":[1,0]},"_coverageSchema":"1a1c01bbd47fc00a2c39e90264f33305004495a9","hash":"7561cff7aaa89eed3ecdd5322d4a39917114f0c2"}
}
